2024-04-07 17:27:05 info: Incoming request: GET /appusers/ Body: {}
2024-04-07 17:27:11 info: Incoming request: GET /appusers/ Body: {}
2024-04-07 17:27:26 info: Incoming request: POST /appusers/ Body: {"userId":"sdfsfsf","username":"john_doe","email":"john.doe@example.com","mobile":"1234567890","displayPicture":"https://example.com/profile-picture.jpg"}
2024-04-07 17:31:32 info: Incoming request: POST /api/auth/login Body: {"userId":"sdfsfsf","username":"john_doe","password":"password","email":"john.doe@example.com","mobile":"1234567890","displayPicture":"https://example.com/profile-picture.jpg"}
2024-04-07 17:31:55 info: Incoming request: POST /appusers/ Body: {"userId":"sdfsfsf","username":"john_doe","password":"password","email":"john.doe@example.com","mobile":"1234567890","displayPicture":"https://example.com/profile-picture.jpg"}
2024-04-07 17:32:30 info: Incoming request: POST /api/auth/login Body: {"username":"john_doe","password":"password"}
2024-04-07 17:38:35 info: Incoming request: POST /appusers/ Body: {"userId":"sdfsfsf","username":"john_doe","password":"password","email":"john.doe@example.com","mobile":"1234567890","displayPicture":"https://example.com/profile-picture.jpg"}
2024-04-07 17:39:29 info: Incoming request: POST /appusers/ Body: {"userId":"sdfsfsf","username":"john_doe","password":"password","email":"john.doe@example.com","mobile":"1234567890","displayPicture":"https://example.com/profile-picture.jpg"}
2024-04-07 17:39:44 info: Incoming request: POST /appusers/ Body: {"userId":"sdfsfsf","username":"john_doe","password":"password","email":"john.doe@example.com","mobile":"1234567890","displayPicture":"https://example.com/profile-picture.jpg"}
2024-04-07 17:40:20 info: Incoming request: POST /appusers/ Body: {"userId":"sdfsfsf","username":"john_doe","password":"password","email":"john.doe@example.com","mobile":"1234567890","displayPicture":"https://example.com/profile-picture.jpg"}
2024-04-07 17:40:54 info: Incoming request: POST /appusers/ Body: {"userId":"sdfsfsf","username":"john_doe","password":"password","email":"john.doe@example.com","mobile":"1234567890","displayPicture":"https://example.com/profile-picture.jpg"}
2024-04-07 17:41:41 info: Incoming request: POST /appusers/ Body: {"userId":"sdfsfsf","username":"john_doe","password":"password","email":"john.doe@example.com","mobile":"1234567890","displayPicture":"https://example.com/profile-picture.jpg"}
2024-04-07 17:42:09 info: Incoming request: POST /api/auth/login Body: {"username":"john_doe","password":"password"}
2024-04-07 17:43:24 info: Incoming request: POST /appusers/ Body: {"userId":"sdfsfsf","username":"john_doe","password":"password","email":"john.doe@example.com","mobile":"1234567890","displayPicture":"https://example.com/profile-picture.jpg"}
2024-04-07 17:43:30 info: Incoming request: POST /api/auth/login Body: {"username":"john_doe","password":"password"}
2024-04-07 17:45:03 info: Incoming request: POST /api/auth/token Body: {"username":"john_doe","password":"password"}
2024-04-07 17:45:52 info: Incoming request: POST /api/auth/token Body: {"token":"eyJhbGciOiJIUzI1NiIsInR5cCI6IkpXVCJ9.eyJ1c2VySWQiOiJzZGZzZnNmIiwiaWF0IjoxNzEyNDkyMDEwLCJleHAiOjE3MTMwOTY4MTB9.pP-l49UPuYcKU4TbWhgu2Yh7qp2UFmdkG8o28POAodA"}
2024-04-07 17:46:43 info: Incoming request: PUT /appusers/sdfsfsf Body: {"userId":"sdfsfsf","username":"john_doey","password":"password","email":"john.doe@example.com","mobile":"1234567890","displayPicture":"https://example.com/profile-picture.jpg"}
2024-04-07 17:47:49 info: Incoming request: PUT /appusers/sdfsfsf Body: {"userId":"sdfsfsf","username":"john_doey","password":"password","email":"john.doe@example.com","mobile":"1234567890","displayPicture":"https://example.com/profile-picture.jpg"}
2024-04-07 17:49:44 info: Incoming request: PUT /appusers/sdfsfsf Body: {"userId":"sdfsfsf","username":"john_doey","password":"password","email":"john.doe@example.com","mobile":"1234567890","displayPicture":"https://example.com/profile-picture.jpg"}
2024-04-07 17:50:03 info: Incoming request: PUT /appusers/sdfsfsf Body: {"userId":"sdfsfsf","username":"john_doey","password":"password","email":"john.doe@example.com","mobile":"1234567890","displayPicture":"https://example.com/profile-picture.jpg"}
2024-04-07 17:51:12 info: Incoming request: PUT /appusers/sdfsfsf Body: {"userId":"sdfsfsf","username":"john_doey","password":"password","email":"john.doe@example.com","mobile":"1234567890","displayPicture":"https://example.com/profile-picture.jpg"}
2024-04-07 17:51:43 info: Incoming request: PUT /appusers/sdfsfsf Body: {"userId":"sdfsfsf","username":"john_doey","password":"password","email":"john.doe@example.com","mobile":"1234567890","displayPicture":"https://example.com/profile-picture.jpg"}
2024-04-07 17:52:13 info: Incoming request: PUT /appusers/sdfsfsf Body: {"userId":"sdfsfsf","username":"john_doey","password":"password","email":"john.doe@example.com","mobile":"1234567890","displayPicture":"https://example.com/profile-picture.jpg"}
2024-04-07 17:53:08 info: Incoming request: PUT /appusers/sdfsfsf Body: {"userId":"sdfsfsf","username":"john_doey","password":"password","email":"john.doe@example.com","mobile":"1234567890","displayPicture":"https://example.com/profile-picture.jpg"}
2024-04-07 17:54:31 info: Incoming request: PUT /appusers/sdfsfsf Body: {"userId":"sdfsfsf","username":"john_doey","password":"password","email":"john.doe@example.com","mobile":"1234567890","displayPicture":"https://example.com/profile-picture.jpg"}
